This is pdfTeX, Version 3.1415926-2.3-1.40.12 (MiKTeX 2.9) (preloaded format=pdflatex 2011.10.12)  18 APR 2012 19:41
entering extended mode
**C:/xampp/htdocs/CIS400/Final*Report/progress_spec.tex
("C:/xampp/htdocs/CIS400/Final Report/progress_spec.tex"
LaTeX2e <2011/06/27>
Babel <v3.8m> and hyphenation patterns for english, afrikaans, ancientgreek, ar
abic, armenian, assamese, basque, bengali, bokmal, bulgarian, catalan, coptic, 
croatian, czech, danish, dutch, esperanto, estonian, farsi, finnish, french, ga
lician, german, german-x-2009-06-19, greek, gujarati, hindi, hungarian, iceland
ic, indonesian, interlingua, irish, italian, kannada, kurmanji, lao, latin, lat
vian, lithuanian, malayalam, marathi, mongolian, mongolianlmc, monogreek, ngerm
an, ngerman-x-2009-06-19, nynorsk, oriya, panjabi, pinyin, polish, portuguese, 
romanian, russian, sanskrit, serbian, slovak, slovenian, spanish, swedish, swis
sgerman, tamil, telugu, turkish, turkmen, ukenglish, ukrainian, uppersorbian, u
senglishmax, welsh, loaded.
("C:\xampp\htdocs\CIS400\Final Report\sig-alternate.cls"
("C:\Program Files (x86)\MiKTeX 2.9\tex\latex\graphics\epsfig.sty"
Package: epsfig 1999/02/16 v1.7a (e)psfig emulation (SPQR)

("C:\Program Files (x86)\MiKTeX 2.9\tex\latex\graphics\graphicx.sty"
Package: graphicx 1999/02/16 v1.0f Enhanced LaTeX Graphics (DPC,SPQR)

("C:\Program Files (x86)\MiKTeX 2.9\tex\latex\graphics\keyval.sty"
Package: keyval 1999/03/16 v1.13 key=value parser (DPC)
\KV@toks@=\toks14
)
("C:\Program Files (x86)\MiKTeX 2.9\tex\latex\graphics\graphics.sty"
Package: graphics 2009/02/05 v1.0o Standard LaTeX Graphics (DPC,SPQR)

("C:\Program Files (x86)\MiKTeX 2.9\tex\latex\graphics\trig.sty"
Package: trig 1999/03/16 v1.09 sin cos tan (DPC)
)
("C:\Program Files (x86)\MiKTeX 2.9\tex\latex\00miktex\graphics.cfg"
File: graphics.cfg 2007/01/18 v1.5 graphics configuration of teTeX/TeXLive
)
Package graphics Info: Driver file: pdftex.def on input line 91.

("C:\Program Files (x86)\MiKTeX 2.9\tex\latex\pdftex-def\pdftex.def"
File: pdftex.def 2011/05/27 v0.06d Graphics/color for pdfTeX

("C:\Program Files (x86)\MiKTeX 2.9\tex\generic\oberdiek\infwarerr.sty"
Package: infwarerr 2010/04/08 v1.3 Providing info/warning/message (HO)
)
("C:\Program Files (x86)\MiKTeX 2.9\tex\generic\oberdiek\ltxcmds.sty"
Package: ltxcmds 2011/04/18 v1.20 LaTeX kernel commands for general use (HO)
)
\Gread@gobject=\count79
))
\Gin@req@height=\dimen102
\Gin@req@width=\dimen103
)
\epsfxsize=\dimen104
\epsfysize=\dimen105
)
("C:\Program Files (x86)\MiKTeX 2.9\tex\latex\amsfonts\amssymb.sty"
Package: amssymb 2009/06/22 v3.00

("C:\Program Files (x86)\MiKTeX 2.9\tex\latex\amsfonts\amsfonts.sty"
Package: amsfonts 2009/06/22 v3.00 Basic AMSFonts support
\@emptytoks=\toks15
\symAMSa=\mathgroup4
\symAMSb=\mathgroup5
LaTeX Font Info:    Overwriting math alphabet `\mathfrak' in version `bold'
(Font)                  U/euf/m/n --> U/euf/b/n on input line 96.
))
("C:\Program Files (x86)\MiKTeX 2.9\tex\latex\ams\math\amsmath.sty"
Package: amsmath 2000/07/18 v2.13 AMS math features
\@mathmargin=\skip41

For additional information on amsmath, use the `?' option.
("C:\Program Files (x86)\MiKTeX 2.9\tex\latex\ams\math\amstext.sty"
Package: amstext 2000/06/29 v2.01

("C:\Program Files (x86)\MiKTeX 2.9\tex\latex\ams\math\amsgen.sty"
File: amsgen.sty 1999/11/30 v2.0
\@emptytoks=\toks16
\ex@=\dimen106
))
("C:\Program Files (x86)\MiKTeX 2.9\tex\latex\ams\math\amsbsy.sty"
Package: amsbsy 1999/11/29 v1.2d
\pmbraise@=\dimen107
)
("C:\Program Files (x86)\MiKTeX 2.9\tex\latex\ams\math\amsopn.sty"
Package: amsopn 1999/12/14 v2.01 operator names
)
\inf@bad=\count80
LaTeX Info: Redefining \frac on input line 211.
\uproot@=\count81
\leftroot@=\count82
LaTeX Info: Redefining \overline on input line 307.
\classnum@=\count83
\DOTSCASE@=\count84
LaTeX Info: Redefining \ldots on input line 379.
LaTeX Info: Redefining \dots on input line 382.
LaTeX Info: Redefining \cdots on input line 467.
\Mathstrutbox@=\box26
\strutbox@=\box27
\big@size=\dimen108
LaTeX Font Info:    Redeclaring font encoding OML on input line 567.
LaTeX Font Info:    Redeclaring font encoding OMS on input line 568.
\macc@depth=\count85
\c@MaxMatrixCols=\count86
\dotsspace@=\muskip10
\c@parentequation=\count87
\dspbrk@lvl=\count88
\tag@help=\toks17
\row@=\count89
\column@=\count90
\maxfields@=\count91
\andhelp@=\toks18
\eqnshift@=\dimen109
\alignsep@=\dimen110
\tagshift@=\dimen111
\tagwidth@=\dimen112
\totwidth@=\dimen113
\lineht@=\dimen114
\@envbody=\toks19
\multlinegap=\skip42
\multlinetaggap=\skip43
\mathdisplay@stack=\toks20
LaTeX Info: Redefining \[ on input line 2666.
LaTeX Info: Redefining \] on input line 2667.
)
Document Class 'sig-alternate' <22nd. April '09>. Modified by G.K.M. Tobin/Gerr
y Murray
Based in part upon document Style `acmconf' <22 May 89>. Hacked 4/91 by
shivers@cs.cmu.edu, 4/93 by theobald@cs.mcgill.ca
Excerpts were taken from (Journal Style) 'esub2acm.cls'.
****** Bugs/comments/suggestions/technicalities to Gerry Murray -- murray@hq.ac
m.org ******
Questions on the style, SIGS policies, etc. to Adrienne Griscti griscti@acm.org

\footheight=\dimen115
\@maxsep=\dimen116
\@dblmaxsep=\dimen117
\aucount=\count92
\originalaucount=\count93
\auwidth=\dimen118
\auskip=\dimen119
\auskipcount=\count94
\auskip=\dimen120
\allauboxes=\dimen121
\addauthors=\toks21
\addauflag=\count95
\subtitletext=\toks22
\savesection=\count96
\sectioncntr=\count97
\c@figure=\count98
\c@table=\count99
\titleboxnotes=\toks23
\titleboxnoteflag=\count100
Document Class: sig-alternate 2009/04/22 - V2.4 - based on acmproc.cls V1.3 <No
v. 30 '99>
("C:\Program Files (x86)\MiKTeX 2.9\tex\latex\base\latexsym.sty"
Package: latexsym 1998/08/17 v2.2e Standard LaTeX package (lasy symbols)
\symlasy=\mathgroup6
LaTeX Font Info:    Overwriting symbol font `lasy' in version `bold'
(Font)                  U/lasy/m/n --> U/lasy/b/n on input line 47.
)
\@acmtitlebox=\box28
\titlenotecount=\count101
\tntoks=\toks24
\tntokstwo=\toks25
\tntoksthree=\toks26
\tntoksfour=\toks27
\tntoksfive=\toks28
\catcount=\count102
\copyrightnotice=\toks29
\c@part=\count103
\c@section=\count104
\c@subsection=\count105
\c@subsubsection=\count106
\c@paragraph=\count107

Using 'Abbrev' bibliography style
LaTeX Info: Redefining \cite on input line 1210.
\bibindent=\dimen122
\colcntr=\count108
\saveb@x=\box29
("C:\Program Files (x86)\MiKTeX 2.9\tex\latex\base\fontenc.sty"
Package: fontenc 2005/09/27 v1.99g Standard LaTeX package

("C:\Program Files (x86)\MiKTeX 2.9\tex\latex\base\t1enc.def"
File: t1enc.def 2005/09/27 v1.99g Standard LaTeX file
LaTeX Font Info:    Redeclaring font encoding T1 on input line 43.
)
LaTeX Font Info:    Try loading font information for T1+aer on input line 100.

("C:\Program Files (x86)\MiKTeX 2.9\tex\latex\ae\t1aer.fd"
File: t1aer.fd 1997/11/16 Font definitions for T1/aer.
)))
("C:\Program Files (x86)\MiKTeX 2.9\tex\latex\mdwtools\mdwlist.sty"
Package: mdwlist 1996/05/02 1.1 Various list-related things
)
("C:\Program Files (x86)\MiKTeX 2.9\tex\latex\ltxmisc\url.sty"
\Urlmuskip=\muskip11
Package: url 2006/04/12  ver 3.3  Verb mode for urls, etc.
)
("C:\xampp\htdocs\CIS400\Final Report\progress_spec.aux")
LaTeX Font Info:    Checking defaults for OML/cmm/m/it on input line 9.
LaTeX Font Info:    ... okay on input line 9.
LaTeX Font Info:    Checking defaults for T1/cmr/m/n on input line 9.
LaTeX Font Info:    ... okay on input line 9.
LaTeX Font Info:    Checking defaults for OT1/cmr/m/n on input line 9.
LaTeX Font Info:    ... okay on input line 9.
LaTeX Font Info:    Checking defaults for OMS/cmsy/m/n on input line 9.
LaTeX Font Info:    ... okay on input line 9.
LaTeX Font Info:    Checking defaults for OMX/cmex/m/n on input line 9.
LaTeX Font Info:    ... okay on input line 9.
LaTeX Font Info:    Checking defaults for U/cmr/m/n on input line 9.
LaTeX Font Info:    ... okay on input line 9.

("C:\Program Files (x86)\MiKTeX 2.9\tex\context\base\supp-pdf.mkii"
[Loading MPS to PDF converter (version 2006.09.02).]
\scratchcounter=\count109
\scratchdimen=\dimen123
\scratchbox=\box30
\nofMPsegments=\count110
\nofMParguments=\count111
\everyMPshowfont=\toks30
\MPscratchCnt=\count112
\MPscratchDim=\dimen124
\MPnumerator=\count113
\makeMPintoPDFobject=\count114
\everyMPtoPDFconversion=\toks31
)
LaTeX Font Info:    Try loading font information for U+msa on input line 20.
 ("C:\Program Files (x86)\MiKTeX 2.9\tex\latex\amsfonts\umsa.fd"
File: umsa.fd 2009/06/22 v3.00 AMS symbols A
)
LaTeX Font Info:    Try loading font information for U+msb on input line 20.

("C:\Program Files (x86)\MiKTeX 2.9\tex\latex\amsfonts\umsb.fd"
File: umsb.fd 2009/06/22 v3.00 AMS symbols B
)
LaTeX Font Info:    Try loading font information for U+lasy on input line 20.

("C:\Program Files (x86)\MiKTeX 2.9\tex\latex\base\ulasy.fd"
File: ulasy.fd 1998/08/17 v2.2e LaTeX symbol font definitions
)
Underfull \hbox (badness 10000) in paragraph at lines 60--62

 []

[1{C:/ProgramData/MiKTeX/2.9/pdftex/config/pdftex.map}


]
<INRGraph.png, id=12, 246.1697pt x 171.64125pt>
File: INRGraph.png Graphic file (type png)
 <use INRGraph.png>
Package pdftex.def Info: INRGraph.png used on input line 92.
(pdftex.def)             Requested size: 240.0pt x 167.3456pt.

<BilirubinGraph.png, id=14, 241.65282pt x 170.88844pt>
File: BilirubinGraph.png Graphic file (type png)

<use BilirubinGraph.png>
Package pdftex.def Info: BilirubinGraph.png used on input line 100.
(pdftex.def)             Requested size: 240.0pt x 169.72765pt.

Underfull \hbox (badness 10000) in paragraph at lines 111--113

 []

[2 <C:/xampp/htdocs/CIS400/Final Report/INRGraph.png> <C:/xampp/htdocs/CIS400/F
inal Report/BilirubinGraph.png>] <home.png, id=20, 1105.9719pt x 447.5922pt>
File: home.png Graphic file (type png)

<use home.png>
Package pdftex.def Info: home.png used on input line 150.
(pdftex.def)             Requested size: 504.0pt x 203.96893pt.
 <patientGraph.png, id=21, 1283.7561pt x 499.8675pt>
File: patientGraph.png Graphic file (type png)

<use patientGraph.png>
Package pdftex.def Info: patientGraph.png used on input line 167.
(pdftex.def)             Requested size: 240.0pt x 93.45033pt.
 <NumPatientsComp.png, id=22, 905.784pt x 319.9152pt>
File: NumPatientsComp.png Graphic file (type png)

<use NumPatientsComp.png>
Package pdftex.def Info: NumPatientsComp.png used on input line 189.
(pdftex.def)             Requested size: 504.0pt x 178.00414pt.

<ScoringComparision_Similarities.png, id=23, 873.5034pt x 319.9152pt>
File: ScoringComparision_Similarities.png Graphic file (type png)

<use ScoringComparision_Similarities.png>
Package pdftex.def Info: ScoringComparision_Similarities.png used on input line
 197.
(pdftex.def)             Requested size: 504.0pt x 184.5844pt.
 [3 <C:/xampp/htdocs/CIS400/Final Report/patientGraph.png>] [4 <C:/xampp/htdocs
/CIS400/Final Report/home.png> <C:/xampp/htdocs/CIS400/Final Report/NumPatients
Comp.png>]
Overfull \hbox (11.60962pt too wide) in paragraph at lines 265--275
[][] 
 []

("C:\xampp\htdocs\CIS400\Final Report\progress_spec.bbl" [5 <C:/xampp/htdocs/CI
S400/Final Report/ScoringComparision_Similarities.png>]
LaTeX Font Info:    Try loading font information for T1+aett on input line 39.

("C:\Program Files (x86)\MiKTeX 2.9\tex\latex\ae\t1aett.fd"
File: t1aett.fd 1997/11/16 Font definitions for T1/aett.
)
Overfull \hbox (22.03992pt too wide) in paragraph at lines 37--40
\T1/aett/m/n/9 http://www.ncbi.nlm.nih.gov/pubmedhealth/PMH0001687/\T1/aer/m/n/
9 .  
 []

)
Underfull \vbox (badness 7256) has occurred while \output is active []

 [6]
[7

] ("C:\xampp\htdocs\CIS400\Final Report\progress_spec.aux") ) 
Here is how much of TeX's memory you used:
 2583 strings out of 494045
 31505 string characters out of 3145947
 93070 words of memory out of 3000000
 5822 multiletter control sequences out of 15000+200000
 47803 words of font info for 66 fonts, out of 3000000 for 9000
 715 hyphenation exceptions out of 8191
 41i,8n,26p,1629b,271s stack positions out of 5000i,500n,10000p,200000b,50000s
{C:/Program Files 
(x86)/MiKTeX 2.9/fonts/enc/dvips/fontname/8r.enc}<C:/Program Files (x86)/MiKTeX
 2.9/fonts/type1/public/amsfonts/cm/cmbx9.pfb><C:/Program Files (x86)/MiKTeX 2.
9/fonts/type1/public/amsfonts/cm/cmmi9.pfb><C:/Program Files (x86)/MiKTeX 2.9/f
onts/type1/public/amsfonts/cm/cmr6.pfb><C:/Program Files (x86)/MiKTeX 2.9/fonts
/type1/public/amsfonts/cm/cmr9.pfb><C:/Program Files (x86)/MiKTeX 2.9/fonts/typ
e1/public/amsfonts/cm/cmsy6.pfb><C:/Program Files (x86)/MiKTeX 2.9/fonts/type1/
public/amsfonts/cm/cmsy9.pfb><C:/Program Files (x86)/MiKTeX 2.9/fonts/type1/pub
lic/amsfonts/cm/cmti9.pfb><C:/Program Files (x86)/MiKTeX 2.9/fonts/type1/public
/amsfonts/cm/cmtt9.pfb><C:/Program Files (x86)/MiKTeX 2.9/fonts/type1/urw/helve
tic/uhvb8a.pfb><C:/Program Files (x86)/MiKTeX 2.9/fonts/type1/urw/helvetic/uhvr
8a.pfb><C:/Program Files (x86)/MiKTeX 2.9/fonts/type1/urw/times/utmb8a.pfb>
Output written on progress_spec.pdf (7 pages, 6415188 bytes).
PDF statistics:
 82 PDF objects out of 1000 (max. 8388607)
 0 named destinations out of 1000 (max. 500000)
 31 words of extra memory for PDF output out of 10000 (max. 10000000)

